<?xml version="1.0" encoding="UTF-8"?>
<!-- Generated by org.testng.reporters.JUnitReportReporter -->
<testsuite hostname="DESKTOP-7SUM208" failures="0" tests="1" name="testCases.TC008_ContactUsPage" time="12.454" errors="0" timestamp="2025-10-07T11:55:29 IST" skipped="0">
  <testcase classname="testCases.TC008_ContactUsPage" name="verify_ContactUs" time="12.454">
    <system-out>
      <![CDATA[****** Stated TC008_ContactUsPage ******
Click to contactUs page...
Validating expected message...
****** fineshed TC008_ContactUsPage ******]]>
    </system-out>
  </testcase> <!-- verify_ContactUs -->
  <system-out>
    <![CDATA[Browser got launched...
Clicked on Profile logo...
Providing moblile number...
Providing OTP...
Validating expected message...
Succefully naviget to Home page...
Logout successfull...
Browser got closed...
Browser got launched...
******* Starting TC002_SignInDDT ******
Clicked on Profile logo...
Providing moblile number...
Providing otp...
Validating expected message...
Login successfull...
******* Finished TC002_SignInDDT ******
******* Starting TC002_SignInDDT ******
Clicked on Profile logo...
Providing moblile number...
Providing otp...
Validating expected message...
Invalid creadential...
******* Finished TC002_SignInDDT ******
******* Starting TC002_SignInDDT ******
Clicked on Profile logo...
Providing moblile number...
Providing otp...
Validating expected message...
Invalid creadential...
******* Finished TC002_SignInDDT ******
******* Starting TC002_SignInDDT ******
Clicked on Profile logo...
Providing moblile number...
Providing otp...
Validating expected message...
Invalid creadential...
******* Finished TC002_SignInDDT ******
******* Starting TC002_SignInDDT ******
Clicked on Profile logo...
Providing moblile number...
Providing otp...
Validating expected message...
Login successfull...
******* Finished TC002_SignInDDT ******
Browser got closed...
Browser got launched...
Clicked on Profile logo...
Providing moblile number...
Providing OTP...
Validating expected message...
Succefully naviget to Home page...
******* Starting TC003_SearchSearvice ******
Search for service...
Validating expected message...
******* Finshed TC003_SearchSearvice ******
Logout successfull...
Browser got closed...
Browser got launched...
Clicked on Profile logo...
Providing moblile number...
Providing OTP...
Validating expected message...
Succefully naviget to Home page...
******* Starting TC004_ProfilePage ******
Click on Profile Loga...
Click on Profile LInk...
Validate the expected page...
******* Finesghed TC004_ProfilePage ******
Logout successfull...
Browser got closed...
Browser got launched...
Clicked on Profile logo...
Providing moblile number...
Providing OTP...
Validating expected message...
Succefully naviget to Home page...
******* Starting TC005_MyRequest ******
Click on Profile Loga...
Click on My Request Link...
Validating expected page...
******* Fineshed TC005_MyRequest ******
Logout successfull...
Browser got closed...
Browser got launched...
Clicked on Profile logo...
Providing moblile number...
Providing OTP...
Validating expected message...
Succefully naviget to Home page...
****** Stated TC008_ContactUsPage ******
Click to contactUs page...
Validating expected message...
****** fineshed TC008_ContactUsPage ******
Logout successfull...
Browser got closed...
Browser got launched...
****** Stated TC012_NearMePage ******
Capture the Title...
Validate the title...
Successfully navigate to Near me page...
******* Finshed TC012_NearMePage ******]]>
  </system-out>
</testsuite> <!-- testCases.TC008_ContactUsPage -->
