<?xml version="1.0" encoding="UTF-8"?>
<!-- Generated by org.testng.reporters.JUnitReportReporter -->
<testsuite hostname="DESKTOP-7SUM208" failures="0" tests="5" name="testCases.TC002_SigninDDT" time="72.678" errors="0" timestamp="2025-09-12T13:16:52 IST" skipped="0">
  <testcase classname="testCases.TC002_SigninDDT" name="verify_signinDDT" time="16.127">
    <system-out>
      <![CDATA[******* Starting TC002_SignInDDT ******
Clicked on Profile logo...
Providing moblile number...
Providing otp...
Validating expected message...
Invalid creadential...
******* Finished TC002_SignInDDT ******]]>
    </system-out>
  </testcase> <!-- verify_signinDDT -->
  <testcase classname="testCases.TC002_SigninDDT" name="verify_signinDDT" time="16.234">
    <system-out>
      <![CDATA[******* Starting TC002_SignInDDT ******
Clicked on Profile logo...
Providing moblile number...
Providing otp...
Validating expected message...
Invalid creadential...
******* Finished TC002_SignInDDT ******]]>
    </system-out>
  </testcase> <!-- verify_signinDDT -->
  <testcase classname="testCases.TC002_SigninDDT" name="verify_signinDDT" time="12.033">
    <system-out>
      <![CDATA[******* Starting TC002_SignInDDT ******
Clicked on Profile logo...
Providing moblile number...
Providing otp...
Validating expected message...
Login successfull...
******* Finished TC002_SignInDDT ******]]>
    </system-out>
  </testcase> <!-- verify_signinDDT -->
  <testcase classname="testCases.TC002_SigninDDT" name="verify_signinDDT" time="16.185">
    <system-out>
      <![CDATA[******* Starting TC002_SignInDDT ******
Clicked on Profile logo...
Providing moblile number...
Providing otp...
Validating expected message...
Invalid creadential...
******* Finished TC002_SignInDDT ******]]>
    </system-out>
  </testcase> <!-- verify_signinDDT -->
  <testcase classname="testCases.TC002_SigninDDT" name="verify_signinDDT" time="12.099">
    <system-out>
      <![CDATA[******* Starting TC002_SignInDDT ******
Clicked on Profile logo...
Providing moblile number...
Providing otp...
Validating expected message...
Login successfull...
******* Finished TC002_SignInDDT ******]]>
    </system-out>
  </testcase> <!-- verify_signinDDT -->
  <system-out>
    <![CDATA[Browser got launched...
Clicked on Profile logo...
Providing moblile number...
Providing OTP...
Validating expected message...
Succefully naviget to Home page...
Logout successfull...
Browser got closed...
Browser got launched...
******* Starting TC002_SignInDDT ******
Clicked on Profile logo...
Providing moblile number...
Providing otp...
Validating expected message...
Login successfull...
******* Finished TC002_SignInDDT ******
******* Starting TC002_SignInDDT ******
Clicked on Profile logo...
Providing moblile number...
Providing otp...
Validating expected message...
Invalid creadential...
******* Finished TC002_SignInDDT ******
******* Starting TC002_SignInDDT ******
Clicked on Profile logo...
Providing moblile number...
Providing otp...
Validating expected message...
Invalid creadential...
******* Finished TC002_SignInDDT ******
******* Starting TC002_SignInDDT ******
Clicked on Profile logo...
Providing moblile number...
Providing otp...
Validating expected message...
Invalid creadential...
******* Finished TC002_SignInDDT ******
******* Starting TC002_SignInDDT ******
Clicked on Profile logo...
Providing moblile number...
Providing otp...
Validating expected message...
Login successfull...
******* Finished TC002_SignInDDT ******
Browser got closed...
Browser got launched...
Clicked on Profile logo...
Providing moblile number...
Providing OTP...
Validating expected message...
Succefully naviget to Home page...
******* Starting TC003_SearchSearvice ******
Search for service...
Validating expected message...
******* Finshed TC003_SearchSearvice ******
Logout successfull...
Browser got closed...
Browser got launched...
Browser got launched...
Clicked on Profile logo...
Providing moblile number...
Providing OTP...
Validating expected message...
Succefully naviget to Home page...
******* Starting TC005_MyRequest ******
Click on Profile Loga...
Click on My Request Link...
Validating expected page...
******* Fineshed TC005_MyRequest ******
Logout successfull...
Browser got closed...
Browser got launched...
Browser got launched...
Clicked on Profile logo...
Providing moblile number...
Providing OTP...
Validating expected message...
Succefully naviget to Home page...
****** Stated TC008_ContactUsPage ******
Click to contactUs page...
Validating expected message...
****** fineshed TC008_ContactUsPage ******
Logout successfull...
Browser got closed...
Browser got launched...
****** Stated TC012_NearMePage ******
Capture the Title...
Validate the title...
Successfully navigate to Near me page...
******* Finshed TC012_NearMePage ******]]>
  </system-out>
</testsuite> <!-- testCases.TC002_SigninDDT -->
