<?xml version="1.0" encoding="UTF-8"?>
<!-- Generated by org.testng.reporters.JUnitReportReporter -->
<testsuite hostname="DESKTOP-7SUM208" failures="0" tests="1" name="testCases.TC006_PaymentHistoryPage" time="8.483" errors="0" timestamp="2025-09-12T13:21:03 IST" skipped="0">
  <testcase classname="testCases.TC006_PaymentHistoryPage" name="paymentHistory" time="8.483">
    <system-out>
      <![CDATA[****** Stated TC006_PaymentHistoryPage ******
Click on profile Logo...
Click on Payment History Page...
Validating expected page...]]>
    </system-out>
  </testcase> <!-- paymentHistory -->
  <system-out>
    <![CDATA[Browser got launched...
Clicked on Profile logo...
Providing moblile number...
Providing OTP...
Validating expected message...
Succefully naviget to Home page...
****** Stated TC006_PaymentHistoryPage ******
Click on profile Logo...
Click on Payment History Page...
Validating expected page...
Logout successfull...
Browser got closed...]]>
  </system-out>
</testsuite> <!-- testCases.TC006_PaymentHistoryPage -->
