<?xml version="1.0" encoding="UTF-8"?>
<!-- Generated by org.testng.reporters.JUnitReportReporter -->
<testsuite hostname="DESKTOP-7SUM208" failures="0" tests="1" name="testCases.TC005_MyRequestPage" time="8.113" errors="0" timestamp="2025-09-12T13:25:41 IST" skipped="0">
  <testcase classname="testCases.TC005_MyRequestPage" name="myRequest" time="8.113">
    <system-out>
      <![CDATA[******* Starting TC005_MyRequest ******
Click on Profile Loga...
Click on My Request Link...
Validating expected page...
******* Fineshed TC005_MyRequest ******]]>
    </system-out>
  </testcase> <!-- myRequest -->
  <system-out>
    <![CDATA[Browser got launched...
Clicked on Profile logo...
Providing moblile number...
Providing OTP...
Validating expected message...
Succefully naviget to Home page...
******* Starting TC005_MyRequest ******
Click on Profile Loga...
Click on My Request Link...
Validating expected page...
******* Fineshed TC005_MyRequest ******
Logout successfull...
Browser got closed...]]>
  </system-out>
</testsuite> <!-- testCases.TC005_MyRequestPage -->
