<?xml version="1.0" encoding="UTF-8"?>
<!-- Generated by org.testng.reporters.JUnitReportReporter -->
<testsuite hostname="DESKTOP-7SUM208" failures="0" tests="1" name="testCases.TC004_ProfilePage" time="7.913" errors="0" timestamp="2025-09-12T13:20:22 IST" skipped="0">
  <testcase classname="testCases.TC004_ProfilePage" name="profilePage" time="7.913">
    <system-out>
      <![CDATA[******* Starting TC004_ProfilePage ******
Click on Profile Loga...
Click on Profile LInk...
Validate the expected page...
******* Finesghed TC004_ProfilePage ******]]>
    </system-out>
  </testcase> <!-- profilePage -->
  <system-out>
    <![CDATA[Browser got launched...
Clicked on Profile logo...
Providing moblile number...
Providing OTP...
Validating expected message...
Succefully naviget to Home page...
******* Starting TC004_ProfilePage ******
Click on Profile Loga...
Click on Profile LInk...
Validate the expected page...
******* Finesghed TC004_ProfilePage ******
Logout successfull...
Browser got closed...
Browser got launched...]]>
  </system-out>
</testsuite> <!-- testCases.TC004_ProfilePage -->
